<?xml version="1.0" encoding="UTF-8"?>
<robot generator="Robot 6.1.1 (Python 3.12.0 on win32)" generated="20250411 23:18:14.674" rpa="false" schemaversion="4">
<suite id="s1" name="Pdv360-Mesa" source="D:\workspace\ProjetosAPTE\Pdv360TesteAPI\Pdv360-Mesa">
<suite id="s1-s1" name="Src" source="D:\workspace\ProjetosAPTE\Pdv360TesteAPI\Pdv360-Mesa\src">
<suite id="s1-s1-s1" name="Tests" source="D:\workspace\ProjetosAPTE\Pdv360TesteAPI\Pdv360-Mesa\src\tests">
<suite id="s1-s1-s1-s1" name="Physical-Table-Open" source="D:\workspace\ProjetosAPTE\Pdv360TesteAPI\Pdv360-Mesa\src\tests\physical-table-open.robot">
<test id="s1-s1-s1-s1-t1" name="Clean database" line="23">
<kw name="Start session" library="base" type="SETUP">
<kw name="Get Access Token" library="Authorization">
<tag>buscar-token</tag>
<kw name="Create Session" library="RequestsLibrary">
<arg>alias=pdv360-mesa</arg>
<arg>url=${base_url}</arg>
<doc>Create Session: create a HTTP session to a server</doc>
<msg timestamp="20250411 23:18:16.253" level="INFO">Creating Session using : alias=pdv360-mesa, url=http://localhost:8080/api, headers={},                     cookies={}, auth=None, timeout=None, proxies=None, verify=False,                     debug=0 </msg>
<status status="PASS" starttime="20250411 23:18:16.251" endtime="20250411 23:18:16.253"/>
</kw>
<kw name="Create Dictionary" library="BuiltIn">
<var>${HEADER}</var>
<arg>Authorization=Basic Y2xpZW50LWlkLWZyb250OjEyMzQ1Ng==</arg>
<doc>Creates and returns a dictionary based on the given ``items``.</doc>
<msg timestamp="20250411 23:18:16.254" level="INFO">${HEADER} = {'Authorization': 'Basic Y2xpZW50LWlkLWZyb250OjEyMzQ1Ng=='}</msg>
<status status="PASS" starttime="20250411 23:18:16.253" endtime="20250411 23:18:16.254"/>
</kw>
<kw name="Create Dictionary" library="BuiltIn">
<var>${DATA}</var>
<arg>Content-type=x-www-form-urlencoded</arg>
<arg>grant_type=${grant_type}</arg>
<arg>scope=${scope}</arg>
<arg>username=${username}</arg>
<arg>password=${password}</arg>
<arg>pos_id=${pos_id}</arg>
<doc>Creates and returns a dictionary based on the given ``items``.</doc>
<msg timestamp="20250411 23:18:16.256" level="INFO">${DATA} = {'Content-type': 'x-www-form-urlencoded', 'grant_type': 'urn:ietf:params:oauth:grant-type:custom_client_credentials', 'scope': 'profile', 'username': 'quality', 'password': '123456', 'pos_id': '1'}</msg>
<status status="PASS" starttime="20250411 23:18:16.255" endtime="20250411 23:18:16.256"/>
</kw>
<kw name="POST On Session" library="RequestsLibrary">
<var>${RESPONSE}</var>
<arg>alias=pdv360-mesa</arg>
<arg>url=/oauth2/token</arg>
<arg>headers=${HEADER}</arg>
<arg>data=${DATA}</arg>
<doc>Sends a POST request on a previously created HTTP Session.</doc>
<msg timestamp="20250411 23:18:16.516" level="INFO">POST Request : url=http://localhost:8080/api/oauth2/token 
 path_url=/api/oauth2/token 
 headers={'User-Agent': 'python-requests/2.31.0', 'Accept-Encoding': 'gzip, deflate', 'Accept': '*/*', 'Connection': 'keep-alive', 'Authorization': 'Basic Y2xpZW50LWlkLWZyb250OjEyMzQ1Ng==', 'Content-Length': '170', 'Content-Type': 'application/x-www-form-urlencoded'} 
 body=Content-type=x-www-form-urlencoded&amp;grant_type=urn%3Aietf%3Aparams%3Aoauth%3Agrant-type%3Acustom_client_credentials&amp;scope=profile&amp;username=quality&amp;password=123456&amp;pos_id=1 
 </msg>
<msg timestamp="20250411 23:18:16.516" level="INFO">POST Response : url=http://localhost:8080/api/oauth2/token 
 status=200, reason= 
 headers={'Vary': 'origin,access-control-request-method,access-control-request-headers,accept-encoding', 'X-Content-Type-Options': 'nosniff', 'X-XSS-Protection': '0', 'Cache-Control': 'no-cache, no-store, max-age=0, must-revalidate', 'Pragma': 'no-cache', 'Expires': '0', 'X-Frame-Options': 'DENY', 'Content-Encoding': 'gzip', 'Content-Type': 'application/json;charset=UTF-8', 'Transfer-Encoding': 'chunked', 'Date': 'Sat, 12 Apr 2025 02:18:16 GMT', 'Keep-Alive': 'timeout=60', 'Connection': 'keep-alive'} 
 body={"access_token":"eyJ4NXQjUzI1NiI6Ii1YbjVCOWI3OElPRzVYemlzV0IzS2hSdWdEVHNpVEVEZ2s3RDhYYzc2M00iLCJraWQiOiJwZHYzNjAiLCJhbGciOiJSUzI1NiJ9.eyJzdWIiOiJjbGllbnQtaWQtZnJvbnQiLCJhdWQiOiJjbGllbnQtaWQtZnJvbnQiLCJuYmYiOjE3NDQ0MjQyOTYsInVzZXJfaWQiOiIxIiwicG9zX2lkIjoiMSIsInVzZXJfbmFtZSI6IldpbGwgU291emEiLCJzY29wZSI6WyJwcm9maWxlIl0sImlzcyI6Imh0dHA6Ly8xMjcuMC4wLjE6ODA4MCIsImV4cCI6MTc0NDQyNjA5NiwiaWF0IjoxNzQ0NDI0Mjk2LCJqdGkiOiIxMjI3YzMxMC0wODk4LTQ4OWYtOWU5ZS05N2VkM2NiNDk1ZmYiLCJhdXRob3JpdGllcyI6W119.x4IoC2SroE9BMfSd-_SslkULYBEE7HcApdkZaRNbCETJI7nuJKHJ0s6ALp3XDCu0EB8MLIRggvgnTRXfnFAJq66Mm_M1qmfw2HabBKBrG5UFlzE2MwB8BLfch6cGSg__z2meHAP7pVGRkf5dp0Z1lgbI6-A_9b5t7Rl0tXdgR9w-EWqVDnkESc96EntlhPIPKAkx-QJqP9Z5GDLzE1X1HTI6871XmqkOxWbBipp1W7_ng1vaHERwlKHAUyCO5EtDh3IFmVbD7aei_8yAF0ABrI9OR1moD12h0OJ5WGcUE9ciYsFVUoT6VDEHOKCQjOTx6O14mI7NlFGW4zquW5Nj5A","scope":"profile","token_type":"Bearer","expires_in":1800} 
 </msg>
<msg timestamp="20250411 23:18:16.517" level="INFO">${RESPONSE} = &lt;Response [200]&gt;</msg>
<status status="PASS" starttime="20250411 23:18:16.257" endtime="20250411 23:18:16.517"/>
</kw>
<kw name="Set Suite Variable" library="BuiltIn">
<arg>${token}</arg>
<arg>${RESPONSE.json()["access_token"]}</arg>
<doc>Makes a variable available everywhere within the scope of the current suite.</doc>
<msg timestamp="20250411 23:18:16.518" level="INFO">${token} = eyJ4NXQjUzI1NiI6Ii1YbjVCOWI3OElPRzVYemlzV0IzS2hSdWdEVHNpVEVEZ2s3RDhYYzc2M00iLCJraWQiOiJwZHYzNjAiLCJhbGciOiJSUzI1NiJ9.eyJzdWIiOiJjbGllbnQtaWQtZnJvbnQiLCJhdWQiOiJjbGllbnQtaWQtZnJvbnQiLCJuYmYiOjE3NDQ0MjQ...</msg>
<status status="PASS" starttime="20250411 23:18:16.517" endtime="20250411 23:18:16.519"/>
</kw>
<return>
<value>${token}</value>
<status status="PASS" starttime="20250411 23:18:16.519" endtime="20250411 23:18:16.520"/>
</return>
<status status="PASS" starttime="20250411 23:18:16.251" endtime="20250411 23:18:16.520"/>
</kw>
<status status="PASS" starttime="20250411 23:18:16.251" endtime="20250411 23:18:16.520"/>
</kw>
<kw name="Limpar Atendimento Da Mesa" library="clean-database">
<kw name="Conectar Ao Banco" library="clean-database">
<kw name="Connect To Database" library="DatabaseLibrary">
<arg>psycopg2</arg>
<arg>${DB_NAME}</arg>
<arg>${DB_USER}</arg>
<arg>${DB_PWD}</arg>
<arg>${DB_HOST}</arg>
<arg>${DB_PORT}</arg>
<doc>Creates a database connection using the DB API 2.0 ``db_module`` and the parameters provided.
Along with listed commonly used arguments (`db_name`, `db_host` etc.)
you can set any other DB module specific parameters as key/value pairs.</doc>
<msg timestamp="20250411 23:18:16.525" level="INFO">Looking for configuration file: 'resources\db.cfg'</msg>
<msg timestamp="20250411 23:18:16.525" level="INFO">Configuration file doesn't exist</msg>
<msg timestamp="20250411 23:18:16.542" level="INFO">Connect to DB using : psycopg2.connect(database='pdv360', user='pdv360', password=***, host='172.29.143.227', port=6000)</msg>
<status status="PASS" starttime="20250411 23:18:16.523" endtime="20250411 23:18:16.558"/>
</kw>
<status status="PASS" starttime="20250411 23:18:16.523" endtime="20250411 23:18:16.559"/>
</kw>
<kw name="Execute Sql String" library="DatabaseLibrary">
<arg>DELETE FROM PHYSICAL_TABLE_MANAGEMENT;</arg>
<doc>Executes the ``sql_string`` as a single SQL command.</doc>
<msg timestamp="20250411 23:18:16.559" level="INFO" html="true">Executing sql:&lt;br&gt;&lt;code style="font-weight: bold;"&gt;DELETE FROM PHYSICAL_TABLE_MANAGEMENT;&lt;/code&gt;</msg>
<msg timestamp="20250411 23:18:16.561" level="INFO">Commit the transaction</msg>
<status status="PASS" starttime="20250411 23:18:16.559" endtime="20250411 23:18:16.561"/>
</kw>
<kw name="Desconectar Do Banco" library="clean-database">
<kw name="Disconnect From Database" library="DatabaseLibrary">
<doc>Disconnects from the database.</doc>
<status status="PASS" starttime="20250411 23:18:16.563" endtime="20250411 23:18:16.564"/>
</kw>
<status status="PASS" starttime="20250411 23:18:16.563" endtime="20250411 23:18:16.564"/>
</kw>
<status status="PASS" starttime="20250411 23:18:16.522" endtime="20250411 23:18:16.564"/>
</kw>
<status status="PASS" starttime="20250411 23:18:16.247" endtime="20250411 23:18:16.564"/>
</test>
<doc>Teste para abrir mesa física</doc>
<status status="PASS" starttime="20250411 23:18:14.726" endtime="20250411 23:18:16.610"/>
</suite>
<status status="PASS" starttime="20250411 23:18:14.723" endtime="20250411 23:18:16.646"/>
</suite>
<status status="PASS" starttime="20250411 23:18:14.720" endtime="20250411 23:18:16.647"/>
</suite>
<status status="PASS" starttime="20250411 23:18:14.695" endtime="20250411 23:18:16.649"/>
</suite>
<statistics>
<total>
<stat pass="1" fail="0" skip="0">All Tests</stat>
</total>
<tag>
</tag>
<suite>
<stat pass="1" fail="0" skip="0" id="s1" name="Pdv360-Mesa">Pdv360-Mesa</stat>
<stat pass="1" fail="0" skip="0" id="s1-s1" name="Src">Pdv360-Mesa.Src</stat>
<stat pass="1" fail="0" skip="0" id="s1-s1-s1" name="Tests">Pdv360-Mesa.Src.Tests</stat>
<stat pass="1" fail="0" skip="0" id="s1-s1-s1-s1" name="Physical-Table-Open">Pdv360-Mesa.Src.Tests.Physical-Table-Open</stat>
</suite>
</statistics>
<errors>
</errors>
</robot>
